<?xml version="1.0" encoding="UTF-8"?>
<!-- Generated by org.testng.reporters.JUnitXMLReporter -->
<testsuite hostname="INLTH5CG7041C7J" ignored="0" name="Test" tests="10" failures="0" timestamp="03 Nov 2019 20:59:53 GMT" time="235.023" errors="0">
  <testcase name="navigateURL" time="12.09" classname="com.google.links100.Link1"/>
  <testcase name="navigateURL" time="8.56" classname="com.google.links100.Link2"/>
  <testcase name="navigateURL" time="13.749" classname="com.google.links100.Link3"/>
  <testcase name="navigateURL" time="25.888" classname="com.google.links100.Link4"/>
  <testcase name="navigateURL" time="16.388" classname="com.google.links100.Link5"/>
  <testcase name="navigateURL" time="23.151" classname="com.google.links100.Link6"/>
  <testcase name="navigateURL" time="13.683" classname="com.google.links100.Link7"/>
  <testcase name="navigateURL" time="12.695" classname="com.google.links100.Link8"/>
  <testcase name="navigateURL" time="14.998" classname="com.google.links100.Link9"/>
  <testcase name="navigateURL" time="14.161" classname="com.google.links100.Link10"/>
</testsuite> <!-- Test -->
